/media/alinx/nvme4t/yang/course_s3_tcl/ax7010/01_led_control/vivado/auto_create_project/hls/led_control/led_control/solution1/.autopilot/db/led_control.pp.0.cpp:1320:7: warning: Added loop label VITIS_LOOP_1213_1:   [xilinx-label-all-loops]
      for (i = 0; i < __N - 1; ++i) {
      ^~~
      VITIS_LOOP_1213_1: 
/media/alinx/nvme4t/yang/course_s3_tcl/ax7010/01_led_control/vivado/auto_create_project/hls/led_control/led_control/solution1/.autopilot/db/led_control.pp.0.cpp:1320:7: note: FIX-IT applied suggested code changes
/media/alinx/nvme4t/yang/course_s3_tcl/ax7010/01_led_control/vivado/auto_create_project/hls/led_control/led_control/solution1/.autopilot/db/led_control.pp.0.cpp:2294:5: warning: Added loop label VITIS_LOOP_676_1:   [xilinx-label-all-loops]
    for (unsigned i = low; i != high; ++i) {
    ^~~
    VITIS_LOOP_676_1: 
/media/alinx/nvme4t/yang/course_s3_tcl/ax7010/01_led_control/vivado/auto_create_project/hls/led_control/led_control/solution1/.autopilot/db/led_control.pp.0.cpp:2294:5: note: FIX-IT applied suggested code changes
/media/alinx/nvme4t/yang/course_s3_tcl/ax7010/01_led_control/vivado/auto_create_project/hls/led_control/led_control/solution1/.autopilot/db/led_control.pp.0.cpp:2308:5: warning: Added loop label VITIS_LOOP_690_1:   [xilinx-label-all-loops]
    for (unsigned i = low; i != high; ++i) {
    ^~~
    VITIS_LOOP_690_1: 
/media/alinx/nvme4t/yang/course_s3_tcl/ax7010/01_led_control/vivado/auto_create_project/hls/led_control/led_control/solution1/.autopilot/db/led_control.pp.0.cpp:2308:5: note: FIX-IT applied suggested code changes
/media/alinx/nvme4t/yang/course_s3_tcl/ax7010/01_led_control/vivado/auto_create_project/hls/led_control/led_control/solution1/.autopilot/db/led_control.pp.0.cpp:2322:5: warning: Added loop label VITIS_LOOP_704_1:   [xilinx-label-all-loops]
    for (unsigned i = low; i != high; ++i) {
    ^~~
    VITIS_LOOP_704_1: 
/media/alinx/nvme4t/yang/course_s3_tcl/ax7010/01_led_control/vivado/auto_create_project/hls/led_control/led_control/solution1/.autopilot/db/led_control.pp.0.cpp:2322:5: note: FIX-IT applied suggested code changes
/media/alinx/nvme4t/yang/course_s3_tcl/ax7010/01_led_control/vivado/auto_create_project/hls/led_control/led_control/solution1/.autopilot/db/led_control.pp.0.cpp:3933:7: warning: Added loop label VITIS_LOOP_1247_1:   [xilinx-label-all-loops]
      for (i = 0; i < __N - 1; ++i) {
      ^~~
      VITIS_LOOP_1247_1: 
/media/alinx/nvme4t/yang/course_s3_tcl/ax7010/01_led_control/vivado/auto_create_project/hls/led_control/led_control/solution1/.autopilot/db/led_control.pp.0.cpp:3933:7: note: FIX-IT applied suggested code changes
/media/alinx/nvme4t/yang/course_s3_tcl/ax7010/01_led_control/vivado/auto_create_project/hls/led_control/led_control/solution1/.autopilot/db/led_control.pp.0.cpp:5722:2: warning: Added loop label VITIS_LOOP_8_1:   [xilinx-label-all-loops]
 for(int i=0; i<50000000; i++)
 ^~~
 VITIS_LOOP_8_1: 
/media/alinx/nvme4t/yang/course_s3_tcl/ax7010/01_led_control/vivado/auto_create_project/hls/led_control/led_control/solution1/.autopilot/db/led_control.pp.0.cpp:5722:2: note: FIX-IT applied suggested code changes
